d:\project\3dreconstruction\project_carbon\printlog_dll\printlog_dll\x64\debug\vc140.pdb
d:\project\3dreconstruction\project_carbon\printlog_dll\printlog_dll\x64\debug\vc140.idb
d:\project\3dreconstruction\project_carbon\printlog_dll\printlog_dll\x64\debug\printlog.obj
d:\project\3dreconstruction\project_carbon\printlog_dll\printlog_dll\x64\debug\printlog_dll.obj
d:\project\3dreconstruction\project_carbon\printlog_dll\printlog_dll\x64\debug\processmutex.obj
d:\code_local\project_carbon\printlog_dll\printlog_dll\x64\debug\vc120.pdb
d:\code_local\project_carbon\printlog_dll\printlog_dll\x64\debug\vc120.idb
d:\code_local\project_carbon\printlog_dll\printlog_dll\x64\debug\printlog.obj
d:\code_local\project_carbon\printlog_dll\printlog_dll\x64\debug\printlog_dll.obj
d:\code_local\project_carbon\printlog_dll\printlog_dll\x64\debug\processmutex.obj
d:\project\3dreconstruction\project_carbon\lib\debug\printlog_dll.ilk
d:\project\3dreconstruction\project_carbon\lib\debug\printlog_dll.dll
d:\project\3dreconstruction\project_carbon\lib\debug\printlog_dll.pdb
d:\code_local\project_carbon\lib\debug\printlog_dll.ilk
d:\code_local\project_carbon\lib\debug\printlog_dll.dll
d:\code_local\project_carbon\lib\debug\printlog_dll.pdb
d:\project\3dreconstruction\project_carbon\lib\debug\printlog_dll.lib
d:\project\3dreconstruction\project_carbon\lib\debug\printlog_dll.exp
d:\code_local\project_carbon\lib\debug\printlog_dll.lib
d:\code_local\project_carbon\lib\debug\printlog_dll.exp
d:\project\3dreconstruction\project_carbon\printlog_dll\printlog_dll\x64\debug\vc120.idb
d:\project\3dreconstruction\project_carbon\printlog_dll\printlog_dll\x64\debug\vc120.pdb
d:\project\3dreconstruction\project_carbon\printlog_dll\printlog_dll\..\..\lib\debug\printlog_dll.dll
d:\project\3dreconstruction\project_carbon\printlog_dll\printlog_dll\x64\debug\printlog_dll.tlog\cl.command.1.tlog
d:\project\3dreconstruction\project_carbon\printlog_dll\printlog_dll\x64\debug\printlog_dll.tlog\cl.read.1.tlog
d:\project\3dreconstruction\project_carbon\printlog_dll\printlog_dll\x64\debug\printlog_dll.tlog\cl.write.1.tlog
d:\project\3dreconstruction\project_carbon\printlog_dll\printlog_dll\x64\debug\printlog_dll.tlog\link.command.1.tlog
d:\project\3dreconstruction\project_carbon\printlog_dll\printlog_dll\x64\debug\printlog_dll.tlog\link.read.1.tlog
d:\project\3dreconstruction\project_carbon\printlog_dll\printlog_dll\x64\debug\printlog_dll.tlog\link.write.1.tlog
d:\project\3dreconstruction\project_carbon\printlog_dll\printlog_dll\x64\debug\printlog_dll.tlog\printlog_dll.write.1u.tlog
