d:\code_local\project_carbon\renderlib\renderlib\x64\release\vc120.pdb
d:\code_local\project_carbon\renderlib\renderlib\x64\release\window.obj
d:\code_local\project_carbon\renderlib\renderlib\x64\release\volumerendering.obj
d:\code_local\project_carbon\renderlib\renderlib\x64\release\volumefiltering.obj
d:\code_local\project_carbon\renderlib\renderlib\x64\release\scanapple.obj
d:\code_local\project_carbon\renderlib\renderlib\x64\release\rotateslice.obj
d:\code_local\project_carbon\renderlib\renderlib\x64\release\renderbase.obj
d:\code_local\project_carbon\renderlib\renderlib\x64\release\openglbase.obj
d:\code_local\project_carbon\renderlib\renderlib\x64\release\openclbase.obj
d:\code_local\project_carbon\renderlib\renderlib\x64\release\matrices.obj
d:\code_local\project_carbon\renderlib\renderlib\x64\release\marchingcube.obj
d:\code_local\project_carbon\renderlib\renderlib\x64\release\internalthread.obj
d:\code_local\project_carbon\renderlib\renderlib\x64\release\imagebasicprocess.obj
d:\code_local\project_carbon\renderlib\renderlib\x64\release\corregistration.obj
d:\code_local\project_carbon\renderlib\renderlib\x64\release\carbonmed3drecon_dll.obj
d:\code_local\project_carbon\renderlib\renderlib\x64\release\carbonmed3drecon.obj
d:\code_local\project_carbon\lib\release\renderlib.dll
d:\code_local\project_carbon\lib\release\renderlib.pdb
d:\code_local\project_carbon\lib\release\renderlib.lib
d:\code_local\project_carbon\lib\release\renderlib.exp
d:\code_local\project_carbon\renderlib\renderlib\..\..\lib\release\renderlib.dll
d:\code_local\project_carbon\renderlib\renderlib\x64\release\renderlib.tlog\cl.command.1.tlog
d:\code_local\project_carbon\renderlib\renderlib\x64\release\renderlib.tlog\cl.read.1.tlog
d:\code_local\project_carbon\renderlib\renderlib\x64\release\renderlib.tlog\cl.write.1.tlog
d:\code_local\project_carbon\renderlib\renderlib\x64\release\renderlib.tlog\link.command.1.tlog
d:\code_local\project_carbon\renderlib\renderlib\x64\release\renderlib.tlog\link.read.1.tlog
d:\code_local\project_carbon\renderlib\renderlib\x64\release\renderlib.tlog\link.write.1.tlog
d:\code_local\project_carbon\renderlib\renderlib\x64\release\renderlib.tlog\renderlib.write.1u.tlog
