  CarbonMed3DRecon.cpp
e:\baidunetdiskdownload\3drendering-master\include\renderbase.h(61): warning C4275: 非 dll 接口 class“OpenCLBase”用作 dll 接口 class“RenderBase”的基
  e:\baidunetdiskdownload\3drendering-master\include\openclbase.h(29): note: 参见“OpenCLBase”的声明
  e:\baidunetdiskdownload\3drendering-master\include\renderbase.h(61): note: 参见“RenderBase”的声明
e:\baidunetdiskdownload\3drendering-master\include\renderbase.h(62): warning C4275: 非 dll 接口 class“InternalThread”用作 dll 接口 class“RenderBase”的基
  e:\baidunetdiskdownload\3drendering-master\include\internalthread.h(9): note: 参见“InternalThread”的声明
  e:\baidunetdiskdownload\3drendering-master\include\renderbase.h(61): note: 参见“RenderBase”的声明
e:\baidunetdiskdownload\3drendering-master\include\renderbase.h(431): warning C4251: “RenderBase::m_EyeCenterPt”: struct“RenderingDataTypes::Point3”需要有 dll 接口由 class“RenderBase”的客户端使用
  e:\baidunetdiskdownload\3drendering-master\include\datatypes.h(214): note: 参见“RenderingDataTypes::Point3”的声明
e:\baidunetdiskdownload\3drendering-master\include\renderbase.h(432): warning C4251: “RenderBase::m_EyeFoucusCenterPt”: struct“RenderingDataTypes::Point3”需要有 dll 接口由 class“RenderBase”的客户端使用
  e:\baidunetdiskdownload\3drendering-master\include\datatypes.h(214): note: 参见“RenderingDataTypes::Point3”的声明
e:\baidunetdiskdownload\3drendering-master\include\renderbase.h(433): warning C4251: “RenderBase::m_HeadDirection”: struct“RenderingDataTypes::Point3”需要有 dll 接口由 class“RenderBase”的客户端使用
  e:\baidunetdiskdownload\3drendering-master\include\datatypes.h(214): note: 参见“RenderingDataTypes::Point3”的声明
e:\baidunetdiskdownload\3drendering-master\include\renderbase.h(435): warning C4251: “RenderBase::volumedatafile”: class“std::basic_string<char,std::char_traits<char>,std::allocator<char>>”需要有 dll 接口由 class“RenderBase”的客户端使用
  c:\program files (x86)\microsoft visual studio\2017\community\vc\tools\msvc\14.15.26726\include\xstring(4373): note: 参见“std::basic_string<char,std::char_traits<char>,std::allocator<char>>”的声明
e:\baidunetdiskdownload\3drendering-master\include\renderbase.h(436): warning C4251: “RenderBase::volumedatamaskfile”: class“std::basic_string<char,std::char_traits<char>,std::allocator<char>>”需要有 dll 接口由 class“RenderBase”的客户端使用
  c:\program files (x86)\microsoft visual studio\2017\community\vc\tools\msvc\14.15.26726\include\xstring(4373): note: 参见“std::basic_string<char,std::char_traits<char>,std::allocator<char>>”的声明
e:\baidunetdiskdownload\3drendering-master\include\renderbase.h(469): warning C4251: “RenderBase::m_WorldPt”: struct“RenderingDataTypes::Point3”需要有 dll 接口由 class“RenderBase”的客户端使用
  e:\baidunetdiskdownload\3drendering-master\include\datatypes.h(214): note: 参见“RenderingDataTypes::Point3”的声明
e:\baidunetdiskdownload\3drendering-master\include\renderbase.h(470): warning C4251: “RenderBase::m_RefPt1”: struct“RenderingDataTypes::Point3”需要有 dll 接口由 class“RenderBase”的客户端使用
  e:\baidunetdiskdownload\3drendering-master\include\datatypes.h(214): note: 参见“RenderingDataTypes::Point3”的声明
e:\baidunetdiskdownload\3drendering-master\include\renderbase.h(471): warning C4251: “RenderBase::m_RefPt2”: struct“RenderingDataTypes::Point3”需要有 dll 接口由 class“RenderBase”的客户端使用
  e:\baidunetdiskdownload\3drendering-master\include\datatypes.h(214): note: 参见“RenderingDataTypes::Point3”的声明
e:\baidunetdiskdownload\3drendering-master\include\renderbase.h(472): warning C4251: “RenderBase::m_RefPt3”: struct“RenderingDataTypes::Point3”需要有 dll 接口由 class“RenderBase”的客户端使用
  e:\baidunetdiskdownload\3drendering-master\include\datatypes.h(214): note: 参见“RenderingDataTypes::Point3”的声明
e:\baidunetdiskdownload\3drendering-master\include\renderbase.h(473): warning C4251: “RenderBase::m_RefPt4”: struct“RenderingDataTypes::Point3”需要有 dll 接口由 class“RenderBase”的客户端使用
  e:\baidunetdiskdownload\3drendering-master\include\datatypes.h(214): note: 参见“RenderingDataTypes::Point3”的声明
e:\baidunetdiskdownload\3drendering-master\include\renderbase.h(533): warning C4251: “RenderBase::m_MaskFileNames”: class“std::vector<std::string,std::allocator<_Ty>>”需要有 dll 接口由 class“RenderBase”的客户端使用
          with
          [
              _Ty=std::string
          ]
  e:\baidunetdiskdownload\3drendering-master\include\renderbase.h(533): note: 参见“std::vector<std::string,std::allocator<_Ty>>”的声明
          with
          [
              _Ty=std::string
          ]
e:\baidunetdiskdownload\3drendering-master\renderlib\renderlib\carbonmed3drecon.cpp(890): warning C4244: “=”: 从“double”转换到“float”，可能丢失数据
e:\baidunetdiskdownload\3drendering-master\renderlib\renderlib\carbonmed3drecon.cpp(898): warning C4244: “=”: 从“double”转换到“float”，可能丢失数据
e:\baidunetdiskdownload\3drendering-master\renderlib\renderlib\carbonmed3drecon.cpp(918): warning C4244: “=”: 从“float”转换到“int”，可能丢失数据
e:\baidunetdiskdownload\3drendering-master\renderlib\renderlib\carbonmed3drecon.cpp(919): warning C4244: “=”: 从“float”转换到“int”，可能丢失数据
e:\baidunetdiskdownload\3drendering-master\renderlib\renderlib\carbonmed3drecon.cpp(1017): warning C4244: “参数”: 从“int”转换到“float”，可能丢失数据
e:\baidunetdiskdownload\3drendering-master\renderlib\renderlib\carbonmed3drecon.cpp(1147): warning C4244: “参数”: 从“float”转换到“int”，可能丢失数据
e:\baidunetdiskdownload\3drendering-master\renderlib\renderlib\carbonmed3drecon.cpp(1148): warning C4244: “参数”: 从“float”转换到“int”，可能丢失数据
e:\baidunetdiskdownload\3drendering-master\renderlib\renderlib\carbonmed3drecon.cpp(1149): warning C4244: “参数”: 从“float”转换到“int”，可能丢失数据
e:\baidunetdiskdownload\3drendering-master\renderlib\renderlib\carbonmed3drecon.cpp(1150): warning C4244: “参数”: 从“float”转换到“int”，可能丢失数据
e:\baidunetdiskdownload\3drendering-master\renderlib\renderlib\carbonmed3drecon.cpp(1153): warning C4244: “参数”: 从“float”转换到“int”，可能丢失数据
e:\baidunetdiskdownload\3drendering-master\renderlib\renderlib\carbonmed3drecon.cpp(1155): warning C4244: “参数”: 从“float”转换到“int”，可能丢失数据
e:\baidunetdiskdownload\3drendering-master\renderlib\renderlib\carbonmed3drecon.cpp(1223): warning C4244: “参数”: 从“float”转换到“int”，可能丢失数据
e:\baidunetdiskdownload\3drendering-master\renderlib\renderlib\carbonmed3drecon.cpp(1224): warning C4244: “参数”: 从“float”转换到“int”，可能丢失数据
e:\baidunetdiskdownload\3drendering-master\renderlib\renderlib\carbonmed3drecon.cpp(1225): warning C4244: “参数”: 从“float”转换到“int”，可能丢失数据
e:\baidunetdiskdownload\3drendering-master\renderlib\renderlib\carbonmed3drecon.cpp(1226): warning C4244: “参数”: 从“float”转换到“int”，可能丢失数据
e:\baidunetdiskdownload\3drendering-master\renderlib\renderlib\carbonmed3drecon.cpp(1229): warning C4244: “参数”: 从“float”转换到“int”，可能丢失数据
e:\baidunetdiskdownload\3drendering-master\renderlib\renderlib\carbonmed3drecon.cpp(1231): warning C4244: “参数”: 从“float”转换到“int”，可能丢失数据
e:\baidunetdiskdownload\3drendering-master\renderlib\renderlib\carbonmed3drecon.cpp(1534): warning C4267: “参数”: 从“size_t”转换到“int”，可能丢失数据
e:\baidunetdiskdownload\3drendering-master\renderlib\renderlib\carbonmed3drecon.cpp(1535): warning C4267: “参数”: 从“size_t”转换到“int”，可能丢失数据
e:\baidunetdiskdownload\3drendering-master\renderlib\renderlib\carbonmed3drecon.cpp(1536): warning C4267: “参数”: 从“size_t”转换到“int”，可能丢失数据
e:\baidunetdiskdownload\3drendering-master\renderlib\renderlib\carbonmed3drecon.cpp(1519): warning C4101: “fps”: 未引用的局部变量
e:\baidunetdiskdownload\3drendering-master\renderlib\renderlib\carbonmed3drecon.cpp(1723): warning C4267: “参数”: 从“size_t”转换到“int”，可能丢失数据
e:\baidunetdiskdownload\3drendering-master\renderlib\renderlib\carbonmed3drecon.cpp(1724): warning C4267: “参数”: 从“size_t”转换到“int”，可能丢失数据
e:\baidunetdiskdownload\3drendering-master\renderlib\renderlib\carbonmed3drecon.cpp(1725): warning C4267: “参数”: 从“size_t”转换到“int”，可能丢失数据
e:\baidunetdiskdownload\3drendering-master\renderlib\renderlib\carbonmed3drecon.cpp(1814): warning C4244: “=”: 从“double”转换到“float”，可能丢失数据
e:\baidunetdiskdownload\3drendering-master\renderlib\renderlib\carbonmed3drecon.cpp(1815): warning C4244: “=”: 从“double”转换到“float”，可能丢失数据
e:\baidunetdiskdownload\3drendering-master\renderlib\renderlib\carbonmed3drecon.cpp(1816): warning C4244: “=”: 从“double”转换到“float”，可能丢失数据
e:\baidunetdiskdownload\3drendering-master\renderlib\renderlib\carbonmed3drecon.cpp(1817): warning C4244: “=”: 从“double”转换到“float”，可能丢失数据
e:\baidunetdiskdownload\3drendering-master\renderlib\renderlib\carbonmed3drecon.cpp(1818): warning C4244: “=”: 从“double”转换到“float”，可能丢失数据
e:\baidunetdiskdownload\3drendering-master\renderlib\renderlib\carbonmed3drecon.cpp(1819): warning C4244: “=”: 从“double”转换到“float”，可能丢失数据
e:\baidunetdiskdownload\3drendering-master\renderlib\renderlib\carbonmed3drecon.cpp(1949): warning C4244: “+=”: 从“double”转换到“float”，可能丢失数据
e:\baidunetdiskdownload\3drendering-master\renderlib\renderlib\carbonmed3drecon.cpp(1950): warning C4244: “+=”: 从“double”转换到“float”，可能丢失数据
e:\baidunetdiskdownload\3drendering-master\renderlib\renderlib\carbonmed3drecon.cpp(1964): warning C4244: “-=”: 从“double”转换到“float”，可能丢失数据
  CarbonMed3DRecon_DLL.cpp
e:\baidunetdiskdownload\3drendering-master\include\renderbase.h(61): warning C4275: 非 dll 接口 class“OpenCLBase”用作 dll 接口 class“RenderBase”的基
  e:\baidunetdiskdownload\3drendering-master\include\openclbase.h(29): note: 参见“OpenCLBase”的声明
  e:\baidunetdiskdownload\3drendering-master\include\renderbase.h(61): note: 参见“RenderBase”的声明
e:\baidunetdiskdownload\3drendering-master\include\renderbase.h(62): warning C4275: 非 dll 接口 class“InternalThread”用作 dll 接口 class“RenderBase”的基
  e:\baidunetdiskdownload\3drendering-master\include\internalthread.h(9): note: 参见“InternalThread”的声明
  e:\baidunetdiskdownload\3drendering-master\include\renderbase.h(61): note: 参见“RenderBase”的声明
e:\baidunetdiskdownload\3drendering-master\include\renderbase.h(431): warning C4251: “RenderBase::m_EyeCenterPt”: struct“RenderingDataTypes::Point3”需要有 dll 接口由 class“RenderBase”的客户端使用
  e:\baidunetdiskdownload\3drendering-master\include\datatypes.h(214): note: 参见“RenderingDataTypes::Point3”的声明
e:\baidunetdiskdownload\3drendering-master\include\renderbase.h(432): warning C4251: “RenderBase::m_EyeFoucusCenterPt”: struct“RenderingDataTypes::Point3”需要有 dll 接口由 class“RenderBase”的客户端使用
  e:\baidunetdiskdownload\3drendering-master\include\datatypes.h(214): note: 参见“RenderingDataTypes::Point3”的声明
e:\baidunetdiskdownload\3drendering-master\include\renderbase.h(433): warning C4251: “RenderBase::m_HeadDirection”: struct“RenderingDataTypes::Point3”需要有 dll 接口由 class“RenderBase”的客户端使用
  e:\baidunetdiskdownload\3drendering-master\include\datatypes.h(214): note: 参见“RenderingDataTypes::Point3”的声明
e:\baidunetdiskdownload\3drendering-master\include\renderbase.h(435): warning C4251: “RenderBase::volumedatafile”: class“std::basic_string<char,std::char_traits<char>,std::allocator<char>>”需要有 dll 接口由 class“RenderBase”的客户端使用
  c:\program files (x86)\microsoft visual studio\2017\community\vc\tools\msvc\14.15.26726\include\xstring(4373): note: 参见“std::basic_string<char,std::char_traits<char>,std::allocator<char>>”的声明
e:\baidunetdiskdownload\3drendering-master\include\renderbase.h(436): warning C4251: “RenderBase::volumedatamaskfile”: class“std::basic_string<char,std::char_traits<char>,std::allocator<char>>”需要有 dll 接口由 class“RenderBase”的客户端使用
  c:\program files (x86)\microsoft visual studio\2017\community\vc\tools\msvc\14.15.26726\include\xstring(4373): note: 参见“std::basic_string<char,std::char_traits<char>,std::allocator<char>>”的声明
e:\baidunetdiskdownload\3drendering-master\include\renderbase.h(469): warning C4251: “RenderBase::m_WorldPt”: struct“RenderingDataTypes::Point3”需要有 dll 接口由 class“RenderBase”的客户端使用
  e:\baidunetdiskdownload\3drendering-master\include\datatypes.h(214): note: 参见“RenderingDataTypes::Point3”的声明
e:\baidunetdiskdownload\3drendering-master\include\renderbase.h(470): warning C4251: “RenderBase::m_RefPt1”: struct“RenderingDataTypes::Point3”需要有 dll 接口由 class“RenderBase”的客户端使用
  e:\baidunetdiskdownload\3drendering-master\include\datatypes.h(214): note: 参见“RenderingDataTypes::Point3”的声明
e:\baidunetdiskdownload\3drendering-master\include\renderbase.h(471): warning C4251: “RenderBase::m_RefPt2”: struct“RenderingDataTypes::Point3”需要有 dll 接口由 class“RenderBase”的客户端使用
  e:\baidunetdiskdownload\3drendering-master\include\datatypes.h(214): note: 参见“RenderingDataTypes::Point3”的声明
e:\baidunetdiskdownload\3drendering-master\include\renderbase.h(472): warning C4251: “RenderBase::m_RefPt3”: struct“RenderingDataTypes::Point3”需要有 dll 接口由 class“RenderBase”的客户端使用
  e:\baidunetdiskdownload\3drendering-master\include\datatypes.h(214): note: 参见“RenderingDataTypes::Point3”的声明
e:\baidunetdiskdownload\3drendering-master\include\renderbase.h(473): warning C4251: “RenderBase::m_RefPt4”: struct“RenderingDataTypes::Point3”需要有 dll 接口由 class“RenderBase”的客户端使用
  e:\baidunetdiskdownload\3drendering-master\include\datatypes.h(214): note: 参见“RenderingDataTypes::Point3”的声明
e:\baidunetdiskdownload\3drendering-master\include\renderbase.h(533): warning C4251: “RenderBase::m_MaskFileNames”: class“std::vector<std::string,std::allocator<_Ty>>”需要有 dll 接口由 class“RenderBase”的客户端使用
          with
          [
              _Ty=std::string
          ]
  e:\baidunetdiskdownload\3drendering-master\include\renderbase.h(533): note: 参见“std::vector<std::string,std::allocator<_Ty>>”的声明
          with
          [
              _Ty=std::string
          ]
  CorRegisTration.cpp
e:\baidunetdiskdownload\3drendering-master\renderlib\renderlib\corregistration.cpp(298): warning C4244: “=”: 从“double”转换到“float”，可能丢失数据
e:\baidunetdiskdownload\3drendering-master\renderlib\renderlib\corregistration.cpp(576): warning C4101: “i”: 未引用的局部变量
  ImageBasicProcess.cpp
e:\baidunetdiskdownload\3drendering-master\renderlib\renderlib\imagebasicprocess.cpp(76): warning C4018: “<”: 有符号/无符号不匹配
e:\baidunetdiskdownload\3drendering-master\renderlib\renderlib\imagebasicprocess.cpp(125): warning C4101: “value”: 未引用的局部变量
  InternalThread.cpp
  MarchingCube.cpp
e:\baidunetdiskdownload\3drendering-master\include\renderbase.h(61): warning C4275: 非 dll 接口 class“OpenCLBase”用作 dll 接口 class“RenderBase”的基
  e:\baidunetdiskdownload\3drendering-master\include\openclbase.h(29): note: 参见“OpenCLBase”的声明
  e:\baidunetdiskdownload\3drendering-master\include\renderbase.h(61): note: 参见“RenderBase”的声明
e:\baidunetdiskdownload\3drendering-master\include\renderbase.h(62): warning C4275: 非 dll 接口 class“InternalThread”用作 dll 接口 class“RenderBase”的基
  e:\baidunetdiskdownload\3drendering-master\include\internalthread.h(9): note: 参见“InternalThread”的声明
  e:\baidunetdiskdownload\3drendering-master\include\renderbase.h(61): note: 参见“RenderBase”的声明
e:\baidunetdiskdownload\3drendering-master\include\renderbase.h(431): warning C4251: “RenderBase::m_EyeCenterPt”: struct“RenderingDataTypes::Point3”需要有 dll 接口由 class“RenderBase”的客户端使用
  e:\baidunetdiskdownload\3drendering-master\include\datatypes.h(214): note: 参见“RenderingDataTypes::Point3”的声明
e:\baidunetdiskdownload\3drendering-master\include\renderbase.h(432): warning C4251: “RenderBase::m_EyeFoucusCenterPt”: struct“RenderingDataTypes::Point3”需要有 dll 接口由 class“RenderBase”的客户端使用
  e:\baidunetdiskdownload\3drendering-master\include\datatypes.h(214): note: 参见“RenderingDataTypes::Point3”的声明
e:\baidunetdiskdownload\3drendering-master\include\renderbase.h(433): warning C4251: “RenderBase::m_HeadDirection”: struct“RenderingDataTypes::Point3”需要有 dll 接口由 class“RenderBase”的客户端使用
  e:\baidunetdiskdownload\3drendering-master\include\datatypes.h(214): note: 参见“RenderingDataTypes::Point3”的声明
e:\baidunetdiskdownload\3drendering-master\include\renderbase.h(435): warning C4251: “RenderBase::volumedatafile”: class“std::basic_string<char,std::char_traits<char>,std::allocator<char>>”需要有 dll 接口由 class“RenderBase”的客户端使用
  c:\program files (x86)\microsoft visual studio\2017\community\vc\tools\msvc\14.15.26726\include\xstring(4373): note: 参见“std::basic_string<char,std::char_traits<char>,std::allocator<char>>”的声明
e:\baidunetdiskdownload\3drendering-master\include\renderbase.h(436): warning C4251: “RenderBase::volumedatamaskfile”: class“std::basic_string<char,std::char_traits<char>,std::allocator<char>>”需要有 dll 接口由 class“RenderBase”的客户端使用
  c:\program files (x86)\microsoft visual studio\2017\community\vc\tools\msvc\14.15.26726\include\xstring(4373): note: 参见“std::basic_string<char,std::char_traits<char>,std::allocator<char>>”的声明
e:\baidunetdiskdownload\3drendering-master\include\renderbase.h(469): warning C4251: “RenderBase::m_WorldPt”: struct“RenderingDataTypes::Point3”需要有 dll 接口由 class“RenderBase”的客户端使用
  e:\baidunetdiskdownload\3drendering-master\include\datatypes.h(214): note: 参见“RenderingDataTypes::Point3”的声明
e:\baidunetdiskdownload\3drendering-master\include\renderbase.h(470): warning C4251: “RenderBase::m_RefPt1”: struct“RenderingDataTypes::Point3”需要有 dll 接口由 class“RenderBase”的客户端使用
  e:\baidunetdiskdownload\3drendering-master\include\datatypes.h(214): note: 参见“RenderingDataTypes::Point3”的声明
e:\baidunetdiskdownload\3drendering-master\include\renderbase.h(471): warning C4251: “RenderBase::m_RefPt2”: struct“RenderingDataTypes::Point3”需要有 dll 接口由 class“RenderBase”的客户端使用
  e:\baidunetdiskdownload\3drendering-master\include\datatypes.h(214): note: 参见“RenderingDataTypes::Point3”的声明
e:\baidunetdiskdownload\3drendering-master\include\renderbase.h(472): warning C4251: “RenderBase::m_RefPt3”: struct“RenderingDataTypes::Point3”需要有 dll 接口由 class“RenderBase”的客户端使用
  e:\baidunetdiskdownload\3drendering-master\include\datatypes.h(214): note: 参见“RenderingDataTypes::Point3”的声明
e:\baidunetdiskdownload\3drendering-master\include\renderbase.h(473): warning C4251: “RenderBase::m_RefPt4”: struct“RenderingDataTypes::Point3”需要有 dll 接口由 class“RenderBase”的客户端使用
  e:\baidunetdiskdownload\3drendering-master\include\datatypes.h(214): note: 参见“RenderingDataTypes::Point3”的声明
e:\baidunetdiskdownload\3drendering-master\include\renderbase.h(533): warning C4251: “RenderBase::m_MaskFileNames”: class“std::vector<std::string,std::allocator<_Ty>>”需要有 dll 接口由 class“RenderBase”的客户端使用
          with
          [
              _Ty=std::string
          ]
  e:\baidunetdiskdownload\3drendering-master\include\renderbase.h(533): note: 参见“std::vector<std::string,std::allocator<_Ty>>”的声明
          with
          [
              _Ty=std::string
          ]
e:\baidunetdiskdownload\3drendering-master\include\scanapple.h(25): warning C4005: “NUM_BANKS”: 宏重定义
  e:\baidunetdiskdownload\3drendering-master\include\datatypes.h(89): note: 参见“NUM_BANKS”的前一个定义
e:\baidunetdiskdownload\3drendering-master\renderlib\renderlib\marchingcube.cpp(687): warning C4305: “初始化”: 从“double”到“GLfloat”截断
e:\baidunetdiskdownload\3drendering-master\renderlib\renderlib\marchingcube.cpp(688): warning C4305: “初始化”: 从“double”到“GLfloat”截断
e:\baidunetdiskdownload\3drendering-master\renderlib\renderlib\marchingcube.cpp(689): warning C4305: “初始化”: 从“double”到“GLfloat”截断
e:\baidunetdiskdownload\3drendering-master\renderlib\renderlib\marchingcube.cpp(690): warning C4305: “初始化”: 从“double”到“GLfloat”截断
e:\baidunetdiskdownload\3drendering-master\renderlib\renderlib\marchingcube.cpp(698): warning C4305: “参数”: 从“double”到“GLfloat”截断
e:\baidunetdiskdownload\3drendering-master\renderlib\renderlib\marchingcube.cpp(1226): warning C4018: “<”: 有符号/无符号不匹配
e:\baidunetdiskdownload\3drendering-master\renderlib\renderlib\marchingcube.cpp(1482): warning C4244: “参数”: 从“unsigned int”转换到“float”，可能丢失数据
e:\baidunetdiskdownload\3drendering-master\renderlib\renderlib\marchingcube.cpp(1499): warning C4244: “参数”: 从“unsigned int”转换到“float”，可能丢失数据
  Matrices.cpp
  OpenCLBase.cpp
  OpenGLBase.cpp
  QuaternionProcess.cpp
  RenderBase.cpp
e:\baidunetdiskdownload\3drendering-master\include\renderbase.h(61): warning C4275: 非 dll 接口 class“OpenCLBase”用作 dll 接口 class“RenderBase”的基
  e:\baidunetdiskdownload\3drendering-master\include\openclbase.h(29): note: 参见“OpenCLBase”的声明
  e:\baidunetdiskdownload\3drendering-master\include\renderbase.h(61): note: 参见“RenderBase”的声明
e:\baidunetdiskdownload\3drendering-master\include\renderbase.h(62): warning C4275: 非 dll 接口 class“InternalThread”用作 dll 接口 class“RenderBase”的基
  e:\baidunetdiskdownload\3drendering-master\include\internalthread.h(9): note: 参见“InternalThread”的声明
  e:\baidunetdiskdownload\3drendering-master\include\renderbase.h(61): note: 参见“RenderBase”的声明
e:\baidunetdiskdownload\3drendering-master\include\renderbase.h(431): warning C4251: “RenderBase::m_EyeCenterPt”: struct“RenderingDataTypes::Point3”需要有 dll 接口由 class“RenderBase”的客户端使用
  e:\baidunetdiskdownload\3drendering-master\include\datatypes.h(214): note: 参见“RenderingDataTypes::Point3”的声明
e:\baidunetdiskdownload\3drendering-master\include\renderbase.h(432): warning C4251: “RenderBase::m_EyeFoucusCenterPt”: struct“RenderingDataTypes::Point3”需要有 dll 接口由 class“RenderBase”的客户端使用
  e:\baidunetdiskdownload\3drendering-master\include\datatypes.h(214): note: 参见“RenderingDataTypes::Point3”的声明
e:\baidunetdiskdownload\3drendering-master\include\renderbase.h(433): warning C4251: “RenderBase::m_HeadDirection”: struct“RenderingDataTypes::Point3”需要有 dll 接口由 class“RenderBase”的客户端使用
  e:\baidunetdiskdownload\3drendering-master\include\datatypes.h(214): note: 参见“RenderingDataTypes::Point3”的声明
e:\baidunetdiskdownload\3drendering-master\include\renderbase.h(435): warning C4251: “RenderBase::volumedatafile”: class“std::basic_string<char,std::char_traits<char>,std::allocator<char>>”需要有 dll 接口由 class“RenderBase”的客户端使用
  c:\program files (x86)\microsoft visual studio\2017\community\vc\tools\msvc\14.15.26726\include\xstring(4373): note: 参见“std::basic_string<char,std::char_traits<char>,std::allocator<char>>”的声明
e:\baidunetdiskdownload\3drendering-master\include\renderbase.h(436): warning C4251: “RenderBase::volumedatamaskfile”: class“std::basic_string<char,std::char_traits<char>,std::allocator<char>>”需要有 dll 接口由 class“RenderBase”的客户端使用
  c:\program files (x86)\microsoft visual studio\2017\community\vc\tools\msvc\14.15.26726\include\xstring(4373): note: 参见“std::basic_string<char,std::char_traits<char>,std::allocator<char>>”的声明
e:\baidunetdiskdownload\3drendering-master\include\renderbase.h(469): warning C4251: “RenderBase::m_WorldPt”: struct“RenderingDataTypes::Point3”需要有 dll 接口由 class“RenderBase”的客户端使用
  e:\baidunetdiskdownload\3drendering-master\include\datatypes.h(214): note: 参见“RenderingDataTypes::Point3”的声明
e:\baidunetdiskdownload\3drendering-master\include\renderbase.h(470): warning C4251: “RenderBase::m_RefPt1”: struct“RenderingDataTypes::Point3”需要有 dll 接口由 class“RenderBase”的客户端使用
  e:\baidunetdiskdownload\3drendering-master\include\datatypes.h(214): note: 参见“RenderingDataTypes::Point3”的声明
e:\baidunetdiskdownload\3drendering-master\include\renderbase.h(471): warning C4251: “RenderBase::m_RefPt2”: struct“RenderingDataTypes::Point3”需要有 dll 接口由 class“RenderBase”的客户端使用
  e:\baidunetdiskdownload\3drendering-master\include\datatypes.h(214): note: 参见“RenderingDataTypes::Point3”的声明
e:\baidunetdiskdownload\3drendering-master\include\renderbase.h(472): warning C4251: “RenderBase::m_RefPt3”: struct“RenderingDataTypes::Point3”需要有 dll 接口由 class“RenderBase”的客户端使用
  e:\baidunetdiskdownload\3drendering-master\include\datatypes.h(214): note: 参见“RenderingDataTypes::Point3”的声明
e:\baidunetdiskdownload\3drendering-master\include\renderbase.h(473): warning C4251: “RenderBase::m_RefPt4”: struct“RenderingDataTypes::Point3”需要有 dll 接口由 class“RenderBase”的客户端使用
  e:\baidunetdiskdownload\3drendering-master\include\datatypes.h(214): note: 参见“RenderingDataTypes::Point3”的声明
e:\baidunetdiskdownload\3drendering-master\include\renderbase.h(533): warning C4251: “RenderBase::m_MaskFileNames”: class“std::vector<std::string,std::allocator<_Ty>>”需要有 dll 接口由 class“RenderBase”的客户端使用
          with
          [
              _Ty=std::string
          ]
  e:\baidunetdiskdownload\3drendering-master\include\renderbase.h(533): note: 参见“std::vector<std::string,std::allocator<_Ty>>”的声明
          with
          [
              _Ty=std::string
          ]
e:\baidunetdiskdownload\3drendering-master\renderlib\renderlib\renderbase.cpp(1009): warning C4244: “初始化”: 从“double”转换到“float”，可能丢失数据
e:\baidunetdiskdownload\3drendering-master\renderlib\renderlib\renderbase.cpp(1010): warning C4244: “初始化”: 从“double”转换到“float”，可能丢失数据
e:\baidunetdiskdownload\3drendering-master\renderlib\renderlib\renderbase.cpp(1011): warning C4244: “初始化”: 从“double”转换到“float”，可能丢失数据
e:\baidunetdiskdownload\3drendering-master\renderlib\renderlib\renderbase.cpp(1015): warning C4244: “=”: 从“double”转换到“float”，可能丢失数据
e:\baidunetdiskdownload\3drendering-master\renderlib\renderlib\renderbase.cpp(1016): warning C4244: “=”: 从“double”转换到“float”，可能丢失数据
e:\baidunetdiskdownload\3drendering-master\renderlib\renderlib\renderbase.cpp(1017): warning C4244: “=”: 从“double”转换到“float”，可能丢失数据
e:\baidunetdiskdownload\3drendering-master\renderlib\renderlib\renderbase.cpp(1070): warning C4244: “初始化”: 从“double”转换到“float”，可能丢失数据
e:\baidunetdiskdownload\3drendering-master\renderlib\renderlib\renderbase.cpp(1071): warning C4244: “初始化”: 从“double”转换到“float”，可能丢失数据
e:\baidunetdiskdownload\3drendering-master\renderlib\renderlib\renderbase.cpp(1072): warning C4244: “初始化”: 从“double”转换到“float”，可能丢失数据
e:\baidunetdiskdownload\3drendering-master\renderlib\renderlib\renderbase.cpp(1094): warning C4244: “参数”: 从“double”转换到“float”，可能丢失数据
e:\baidunetdiskdownload\3drendering-master\renderlib\renderlib\renderbase.cpp(1114): warning C4244: “参数”: 从“double”转换到“float”，可能丢失数据
e:\baidunetdiskdownload\3drendering-master\renderlib\renderlib\renderbase.cpp(1140): warning C4244: “=”: 从“double”转换到“float”，可能丢失数据
e:\baidunetdiskdownload\3drendering-master\renderlib\renderlib\renderbase.cpp(1141): warning C4244: “=”: 从“double”转换到“float”，可能丢失数据
e:\baidunetdiskdownload\3drendering-master\renderlib\renderlib\renderbase.cpp(1142): warning C4244: “=”: 从“double”转换到“float”，可能丢失数据
e:\baidunetdiskdownload\3drendering-master\renderlib\renderlib\renderbase.cpp(1215): warning C4244: “=”: 从“double”转换到“float”，可能丢失数据
e:\baidunetdiskdownload\3drendering-master\renderlib\renderlib\renderbase.cpp(1587): warning C4244: “=”: 从“double”转换到“float”，可能丢失数据
e:\baidunetdiskdownload\3drendering-master\renderlib\renderlib\renderbase.cpp(1588): warning C4244: “=”: 从“double”转换到“float”，可能丢失数据
e:\baidunetdiskdownload\3drendering-master\renderlib\renderlib\renderbase.cpp(1589): warning C4244: “=”: 从“double”转换到“float”，可能丢失数据
e:\baidunetdiskdownload\3drendering-master\renderlib\renderlib\renderbase.cpp(1596): warning C4244: “=”: 从“double”转换到“float”，可能丢失数据
e:\baidunetdiskdownload\3drendering-master\renderlib\renderlib\renderbase.cpp(1597): warning C4244: “=”: 从“double”转换到“float”，可能丢失数据
e:\baidunetdiskdownload\3drendering-master\renderlib\renderlib\renderbase.cpp(1598): warning C4244: “=”: 从“double”转换到“float”，可能丢失数据
e:\baidunetdiskdownload\3drendering-master\renderlib\renderlib\renderbase.cpp(1605): warning C4244: “=”: 从“double”转换到“float”，可能丢失数据
e:\baidunetdiskdownload\3drendering-master\renderlib\renderlib\renderbase.cpp(1606): warning C4244: “=”: 从“double”转换到“float”，可能丢失数据
e:\baidunetdiskdownload\3drendering-master\renderlib\renderlib\renderbase.cpp(1607): warning C4244: “=”: 从“double”转换到“float”，可能丢失数据
e:\baidunetdiskdownload\3drendering-master\renderlib\renderlib\renderbase.cpp(1614): warning C4244: “=”: 从“double”转换到“float”，可能丢失数据
e:\baidunetdiskdownload\3drendering-master\renderlib\renderlib\renderbase.cpp(1615): warning C4244: “=”: 从“double”转换到“float”，可能丢失数据
e:\baidunetdiskdownload\3drendering-master\renderlib\renderlib\renderbase.cpp(1616): warning C4244: “=”: 从“double”转换到“float”，可能丢失数据
e:\baidunetdiskdownload\3drendering-master\renderlib\renderlib\renderbase.cpp(1653): warning C4267: “初始化”: 从“size_t”转换到“int”，可能丢失数据
e:\baidunetdiskdownload\3drendering-master\renderlib\renderlib\renderbase.cpp(1666): warning C4267: “初始化”: 从“size_t”转换到“int”，可能丢失数据
e:\baidunetdiskdownload\3drendering-master\renderlib\renderlib\renderbase.cpp(1769): warning C4018: “<”: 有符号/无符号不匹配
e:\baidunetdiskdownload\3drendering-master\renderlib\renderlib\renderbase.cpp(1773): warning C4018: “<”: 有符号/无符号不匹配
e:\baidunetdiskdownload\3drendering-master\renderlib\renderlib\renderbase.cpp(1777): warning C4018: “<”: 有符号/无符号不匹配
  Rotateslice.cpp
e:\baidunetdiskdownload\3drendering-master\include\scanapple.h(25): warning C4005: “NUM_BANKS”: 宏重定义
  e:\baidunetdiskdownload\3drendering-master\include\datatypes.h(89): note: 参见“NUM_BANKS”的前一个定义
e:\baidunetdiskdownload\3drendering-master\include\scanapple.h(29): warning C4005: “min”: 宏重定义
  c:\program files (x86)\windows kits\10\include\10.0.17134.0\shared\minwindef.h(197): note: 参见“min”的前一个定义
e:\baidunetdiskdownload\3drendering-master\renderlib\renderlib\rotateslice.cpp(581): warning C4244: “=”: 从“cl_uint”转换到“float”，可能丢失数据
e:\baidunetdiskdownload\3drendering-master\renderlib\renderlib\rotateslice.cpp(607): warning C4244: “=”: 从“cl_uint”转换到“float”，可能丢失数据
e:\baidunetdiskdownload\3drendering-master\renderlib\renderlib\rotateslice.cpp(632): warning C4244: “=”: 从“cl_uint”转换到“float”，可能丢失数据
e:\baidunetdiskdownload\3drendering-master\renderlib\renderlib\rotateslice.cpp(1009): warning C4838: 从“int”转换到“size_t”需要收缩转换
e:\baidunetdiskdownload\3drendering-master\renderlib\renderlib\rotateslice.cpp(1040): warning C4838: 从“int”转换到“size_t”需要收缩转换
e:\baidunetdiskdownload\3drendering-master\renderlib\renderlib\rotateslice.cpp(1078): warning C4838: 从“int”转换到“size_t”需要收缩转换
e:\baidunetdiskdownload\3drendering-master\renderlib\renderlib\rotateslice.cpp(1687): warning C4838: 从“int”转换到“size_t”需要收缩转换
e:\baidunetdiskdownload\3drendering-master\renderlib\renderlib\rotateslice.cpp(1713): warning C4838: 从“int”转换到“size_t”需要收缩转换
e:\baidunetdiskdownload\3drendering-master\renderlib\renderlib\rotateslice.cpp(1718): warning C4244: “=”: 从“float”转换到“short”，可能丢失数据
e:\baidunetdiskdownload\3drendering-master\renderlib\renderlib\rotateslice.cpp(1746): warning C4838: 从“int”转换到“size_t”需要收缩转换
e:\baidunetdiskdownload\3drendering-master\renderlib\renderlib\rotateslice.cpp(1751): warning C4244: “=”: 从“float”转换到“short”，可能丢失数据
  ScanApple.cpp
e:\baidunetdiskdownload\3drendering-master\renderlib\renderlib\scanapple.cpp(534): warning C4267: “=”: 从“size_t”转换到“int”，可能丢失数据
  Volumefiltering.cpp
  VolumeRendering.cpp
e:\baidunetdiskdownload\3drendering-master\include\renderbase.h(61): warning C4275: 非 dll 接口 class“OpenCLBase”用作 dll 接口 class“RenderBase”的基
  e:\baidunetdiskdownload\3drendering-master\include\openclbase.h(29): note: 参见“OpenCLBase”的声明
  e:\baidunetdiskdownload\3drendering-master\include\renderbase.h(61): note: 参见“RenderBase”的声明
e:\baidunetdiskdownload\3drendering-master\include\renderbase.h(62): warning C4275: 非 dll 接口 class“InternalThread”用作 dll 接口 class“RenderBase”的基
  e:\baidunetdiskdownload\3drendering-master\include\internalthread.h(9): note: 参见“InternalThread”的声明
  e:\baidunetdiskdownload\3drendering-master\include\renderbase.h(61): note: 参见“RenderBase”的声明
e:\baidunetdiskdownload\3drendering-master\include\renderbase.h(431): warning C4251: “RenderBase::m_EyeCenterPt”: struct“RenderingDataTypes::Point3”需要有 dll 接口由 class“RenderBase”的客户端使用
  e:\baidunetdiskdownload\3drendering-master\include\datatypes.h(214): note: 参见“RenderingDataTypes::Point3”的声明
e:\baidunetdiskdownload\3drendering-master\include\renderbase.h(432): warning C4251: “RenderBase::m_EyeFoucusCenterPt”: struct“RenderingDataTypes::Point3”需要有 dll 接口由 class“RenderBase”的客户端使用
  e:\baidunetdiskdownload\3drendering-master\include\datatypes.h(214): note: 参见“RenderingDataTypes::Point3”的声明
e:\baidunetdiskdownload\3drendering-master\include\renderbase.h(433): warning C4251: “RenderBase::m_HeadDirection”: struct“RenderingDataTypes::Point3”需要有 dll 接口由 class“RenderBase”的客户端使用
  e:\baidunetdiskdownload\3drendering-master\include\datatypes.h(214): note: 参见“RenderingDataTypes::Point3”的声明
e:\baidunetdiskdownload\3drendering-master\include\renderbase.h(435): warning C4251: “RenderBase::volumedatafile”: class“std::basic_string<char,std::char_traits<char>,std::allocator<char>>”需要有 dll 接口由 class“RenderBase”的客户端使用
  c:\program files (x86)\microsoft visual studio\2017\community\vc\tools\msvc\14.15.26726\include\xstring(4373): note: 参见“std::basic_string<char,std::char_traits<char>,std::allocator<char>>”的声明
e:\baidunetdiskdownload\3drendering-master\include\renderbase.h(436): warning C4251: “RenderBase::volumedatamaskfile”: class“std::basic_string<char,std::char_traits<char>,std::allocator<char>>”需要有 dll 接口由 class“RenderBase”的客户端使用
  c:\program files (x86)\microsoft visual studio\2017\community\vc\tools\msvc\14.15.26726\include\xstring(4373): note: 参见“std::basic_string<char,std::char_traits<char>,std::allocator<char>>”的声明
e:\baidunetdiskdownload\3drendering-master\include\renderbase.h(469): warning C4251: “RenderBase::m_WorldPt”: struct“RenderingDataTypes::Point3”需要有 dll 接口由 class“RenderBase”的客户端使用
  e:\baidunetdiskdownload\3drendering-master\include\datatypes.h(214): note: 参见“RenderingDataTypes::Point3”的声明
e:\baidunetdiskdownload\3drendering-master\include\renderbase.h(470): warning C4251: “RenderBase::m_RefPt1”: struct“RenderingDataTypes::Point3”需要有 dll 接口由 class“RenderBase”的客户端使用
  e:\baidunetdiskdownload\3drendering-master\include\datatypes.h(214): note: 参见“RenderingDataTypes::Point3”的声明
e:\baidunetdiskdownload\3drendering-master\include\renderbase.h(471): warning C4251: “RenderBase::m_RefPt2”: struct“RenderingDataTypes::Point3”需要有 dll 接口由 class“RenderBase”的客户端使用
  e:\baidunetdiskdownload\3drendering-master\include\datatypes.h(214): note: 参见“RenderingDataTypes::Point3”的声明
e:\baidunetdiskdownload\3drendering-master\include\renderbase.h(472): warning C4251: “RenderBase::m_RefPt3”: struct“RenderingDataTypes::Point3”需要有 dll 接口由 class“RenderBase”的客户端使用
  e:\baidunetdiskdownload\3drendering-master\include\datatypes.h(214): note: 参见“RenderingDataTypes::Point3”的声明
e:\baidunetdiskdownload\3drendering-master\include\renderbase.h(473): warning C4251: “RenderBase::m_RefPt4”: struct“RenderingDataTypes::Point3”需要有 dll 接口由 class“RenderBase”的客户端使用
  e:\baidunetdiskdownload\3drendering-master\include\datatypes.h(214): note: 参见“RenderingDataTypes::Point3”的声明
e:\baidunetdiskdownload\3drendering-master\include\renderbase.h(533): warning C4251: “RenderBase::m_MaskFileNames”: class“std::vector<std::string,std::allocator<_Ty>>”需要有 dll 接口由 class“RenderBase”的客户端使用
          with
          [
              _Ty=std::string
          ]
  e:\baidunetdiskdownload\3drendering-master\include\renderbase.h(533): note: 参见“std::vector<std::string,std::allocator<_Ty>>”的声明
          with
          [
              _Ty=std::string
          ]
e:\baidunetdiskdownload\3drendering-master\renderlib\renderlib\volumerendering.cpp(271): warning C4244: “初始化”: 从“float”转换到“short”，可能丢失数据
e:\baidunetdiskdownload\3drendering-master\renderlib\renderlib\volumerendering.cpp(272): warning C4244: “初始化”: 从“float”转换到“short”，可能丢失数据
e:\baidunetdiskdownload\3drendering-master\renderlib\renderlib\volumerendering.cpp(355): warning C4244: “初始化”: 从“float”转换到“short”，可能丢失数据
e:\baidunetdiskdownload\3drendering-master\renderlib\renderlib\volumerendering.cpp(356): warning C4244: “初始化”: 从“float”转换到“short”，可能丢失数据
  Window.cpp
LINK : fatal error LNK1181: 无法打开输入文件“opencv_world347.lib”
