e:\chriswoocode\project_carbon\printlog_dll\printlog_dll\x64\release\vc120.pdb
e:\chriswoocode\project_carbon\printlog_dll\printlog_dll\x64\release\processmutex.obj
e:\chriswoocode\project_carbon\printlog_dll\printlog_dll\x64\release\printlog_dll.obj
e:\chriswoocode\project_carbon\printlog_dll\printlog_dll\x64\release\printlog.obj
e:\chriswoocode\project_carbon\printlog_dll\x64\release\printlog_dll.dll
e:\chriswoocode\project_carbon\printlog_dll\x64\release\printlog_dll.pdb
e:\chriswoocode\project_carbon\printlog_dll\x64\release\printlog_dll.lib
e:\chriswoocode\project_carbon\printlog_dll\x64\release\printlog_dll.exp
d:\code_local\project_carbon\printlog_dll\printlog_dll\x64\release\printlog.obj
d:\code_local\project_carbon\printlog_dll\printlog_dll\x64\release\printlog_dll.obj
d:\code_local\project_carbon\printlog_dll\printlog_dll\x64\release\processmutex.obj
d:\code_local\project_carbon\printlog_dll\printlog_dll\x64\release\vc120.pdb
d:\code_local\project_carbon\printlog_dll\x64\release\printlog_dll.pdb
d:\code_local\project_carbon\printlog_dll\x64\release\printlog_dll.dll
d:\code_local\project_carbon\printlog_dll\printlog_dll\x64\release\printlog_dll.tlog\cl.command.1.tlog
d:\code_local\project_carbon\printlog_dll\printlog_dll\x64\release\printlog_dll.tlog\cl.read.1.tlog
d:\code_local\project_carbon\printlog_dll\printlog_dll\x64\release\printlog_dll.tlog\cl.write.1.tlog
d:\code_local\project_carbon\printlog_dll\printlog_dll\x64\release\printlog_dll.tlog\link.command.1.tlog
d:\code_local\project_carbon\printlog_dll\printlog_dll\x64\release\printlog_dll.tlog\link.read.1.tlog
d:\code_local\project_carbon\printlog_dll\printlog_dll\x64\release\printlog_dll.tlog\link.write.1.tlog
d:\code_local\project_carbon\printlog_dll\printlog_dll\x64\release\printlog_dll.tlog\printlog_dll.write.1u.tlog
