d:\code\3drendering-master\renderlib\renderlib\x64\debug\vc140.pdb
d:\code\3drendering-master\renderlib\renderlib\x64\debug\vc140.idb
d:\code\3drendering-master\renderlib\renderlib\x64\debug\carbonmed3drecon.obj
d:\code\3drendering-master\renderlib\renderlib\x64\debug\carbonmed3drecon_dll.obj
d:\code\3drendering-master\renderlib\renderlib\x64\debug\corregistration.obj
d:\code\3drendering-master\renderlib\renderlib\x64\debug\imagebasicprocess.obj
d:\code\3drendering-master\renderlib\renderlib\x64\debug\internalthread.obj
d:\code\3drendering-master\renderlib\renderlib\x64\debug\marchingcube.obj
d:\code\3drendering-master\renderlib\renderlib\x64\debug\matrices.obj
d:\code\3drendering-master\renderlib\renderlib\x64\debug\openclbase.obj
d:\code\3drendering-master\renderlib\renderlib\x64\debug\openglbase.obj
d:\code\3drendering-master\renderlib\renderlib\x64\debug\quaternionprocess.obj
d:\code\3drendering-master\renderlib\renderlib\x64\debug\renderbase.obj
d:\code\3drendering-master\renderlib\renderlib\x64\debug\rotateslice.obj
d:\code\3drendering-master\renderlib\renderlib\x64\debug\scanapple.obj
d:\code\3drendering-master\renderlib\renderlib\x64\debug\volumefiltering.obj
d:\code\3drendering-master\renderlib\renderlib\x64\debug\volumerendering.obj
d:\code\3drendering-master\renderlib\renderlib\x64\debug\window.obj
d:\code\3drendering-master\lib\debug\renderlib.ilk
d:\code\3drendering-master\lib\debug\renderlib.dll
d:\code\3drendering-master\lib\debug\renderlib.pdb
d:\code\3drendering-master\lib\debug\renderlib.lib
d:\code\3drendering-master\lib\debug\renderlib.exp
d:\code\3drendering-master\renderlib\renderlib\..\..\lib\debug\renderlib.dll
d:\code\3drendering-master\renderlib\renderlib\x64\debug\renderlib.tlog\cl.command.1.tlog
d:\code\3drendering-master\renderlib\renderlib\x64\debug\renderlib.tlog\cl.read.1.tlog
d:\code\3drendering-master\renderlib\renderlib\x64\debug\renderlib.tlog\cl.write.1.tlog
d:\code\3drendering-master\renderlib\renderlib\x64\debug\renderlib.tlog\link.command.1.tlog
d:\code\3drendering-master\renderlib\renderlib\x64\debug\renderlib.tlog\link.read.1.tlog
d:\code\3drendering-master\renderlib\renderlib\x64\debug\renderlib.tlog\link.write.1.tlog
d:\code\3drendering-master\renderlib\renderlib\x64\debug\renderlib.tlog\renderlib.write.1u.tlog
